c:\windows\system32\wsplog\efsclipboardctrl.log
z:\c_project\wechat_dll\wechatapi\wechatapi\debug\wechatapi.pch
z:\c_project\wechat_dll\wechatapi\wechatapi\debug\vc142.pdb
z:\c_project\wechat_dll\wechatapi\wechatapi\debug\vc142.idb
z:\c_project\wechat_dll\wechatapi\wechatapi\debug\pch.obj
z:\c_project\wechat_dll\wechatapi\wechatapi\debug\sendmessage.obj
z:\c_project\wechat_dll\wechatapi\wechatapi\debug\dllmain.obj
z:\c_project\wechat_dll\wechatapi\wechatapi\debug\utils.obj
z:\c_project\wechat_dll\wechatapi\wechatapi\debug\sockettool.obj
z:\c_project\wechat_dll\wechatapi\wechatapi\debug\receivemessage.obj
z:\c_project\wechat_dll\wechatapi\wechatapi\debug\cjson.obj
z:\c_project\wechat_dll\wechatapi\debug\wechatapi.ilk
z:\c_project\wechat_dll\wechatapi\debug\wechatapi.dll
z:\c_project\wechat_dll\wechatapi\debug\wechatapi.pdb
z:\c_project\wechat_dll\wechatapi\wechatapi\debug\wechatapi.tlog\cl.command.1.tlog
z:\c_project\wechat_dll\wechatapi\wechatapi\debug\wechatapi.tlog\cl.read.1.tlog
z:\c_project\wechat_dll\wechatapi\wechatapi\debug\wechatapi.tlog\cl.write.1.tlog
z:\c_project\wechat_dll\wechatapi\wechatapi\debug\wechatapi.tlog\link.command.1.tlog
z:\c_project\wechat_dll\wechatapi\wechatapi\debug\wechatapi.tlog\link.read.1.tlog
z:\c_project\wechat_dll\wechatapi\wechatapi\debug\wechatapi.tlog\link.write.1.tlog
